2022-05-10 23:36:33:3633 
       [31merror[39m: [31mError creating user account[39m 
  
       instance: services 

       fn:undefined 

       trace: error creating user with email reynaldo.quispe.27@unsch.edu.pe
2022-05-10 23:36:36:3636 
       [31merror[39m: [31mError creating user account[39m 
  
       instance: services 

       fn:undefined 

       trace: error creating user with email reynaldo.quispe.27@unsch.edu.pe
2022-05-10 23:37:58:3758 
       [31merror[39m: [31mError creating user account[39m 
  
       instance: services 

       fn:undefined 

       trace: error creating user with email reynaldo.quispe.27@unsch.edu.pe
2022-05-10 23:38:52:3852 
       [31merror[39m: [31mError creating user account[39m 
  
       instance: services 

       fn:undefined 

       trace: error creating user with email reynaldo.quispe.27@unsch.edu.pe
2022-05-10 23:38:59:3859 
       [31merror[39m: [31mError creating user account[39m 
  
       instance: services 

       fn:undefined 

       trace: error creating user with email reynaldo.quispe.27@unsch.edu.pe
2022-05-10 23:40:30:4030 
       [31merror[39m: [31mError creating user account[39m 
  
       instance: services 

       fn:undefined 

       trace: error creating user with email reynaldo.quispe.27@unsch.edu.pe
2022-05-11 00:05:14:514 
       [31merror[39m: [31mError creating user account[39m 
  
       instance: services 

       fn:undefined 

       trace: error creating user with email reynaldo.quispe.27@unsch.edu.pe
2022-05-11 20:24:11:2411 
       [31merror[39m: [31mError creating user account[39m 
  
       instance: services 

       fn:undefined 

       trace: error creating user with email reynaldo.quispe.27@unsch.edu.pe
2022-05-16 09:33:32:3332 
       [31merror[39m: [31mError creating user account[39m 
  
       instance: services 

       fn:undefined 

       trace: error creating user with email reynaldo.quispe.27@unsch.edu.pe
2022-05-16 10:20:32:2032 
       [31merror[39m: [31mError creating user account[39m 
  
       instance: services 

       fn:undefined 

       trace: error creating user with email reynaldo.quispe.27@unsch.edu.pe
2022-05-16 10:20:35:2035 
       [31merror[39m: [31mError creating user account[39m 
  
       instance: services 

       fn:undefined 

       trace: error creating user with email reynaldo.quispe.27@unsch.edu.pe
2022-05-16 10:23:12:2312 
       [31merror[39m: [31mError creating user account[39m 
  
       instance: services 

       fn:undefined 

       trace: error creating user with email reynaldo.quispe.27@unsch.edu.pe
2022-05-16 10:37:12:3712 
       [31merror[39m: [31mError creating user account[39m 
  
       instance: services 

       fn:undefined 

       trace: error creating user with email reynaldo.quispe.27@unsch.edu.pe
2022-05-16 10:40:49:4049 
       [31merror[39m: [31mError creating user account[39m 
  
       instance: services 

       fn:undefined 

       trace: error creating user with email reynaldo.quispe.27@unsch.edu.pe
2022-05-16 10:42:25:4225 
       [31merror[39m: [31mError creating user account[39m 
  
       instance: services 

       fn:undefined 

       trace: error creating user with email reynaldo.quispe.27@unsch.edu.pe
2022-05-16 10:42:28:4228 
       [31merror[39m: [31mError creating user account[39m 
  
       instance: services 

       fn:undefined 

       trace: error creating user with email reynaldo.quispe.27@unsch.edu.pe
2022-05-16 10:42:29:4229 
       [31merror[39m: [31mError creating user account[39m 
  
       instance: services 

       fn:undefined 

       trace: error creating user with email reynaldo.quispe.27@unsch.edu.pe
2022-05-16 11:11:28:1128 
       [31merror[39m: [31mError creating user account[39m 
  
       instance: services 

       fn:undefined 

       trace: error creating user with email reynaldo.quispe.27@unsch.edu.pe
2022-05-16 11:34:33:3433 
       [31merror[39m: [31mError creating user account[39m 
  
       instance: services 

       fn:undefined 

       trace: error creating user with email reynaldo.quispe.27@unsch.edu.pe
2022-05-16 11:34:48:3448 
       [31merror[39m: [31mError creating user account[39m 
  
       instance: services 

       fn:undefined 

       trace: error creating user with email reynaldo.quispe.27@unsch.edu.pe
2022-05-16 11:34:52:3452 
       [31merror[39m: [31mError creating user account[39m 
  
       instance: services 

       fn:undefined 

       trace: error creating user with email reynaldo.quispe.27@unsch.edu.pe
2022-05-16 11:35:20:3520 
       [31merror[39m: [31mError creating user account[39m 
  
       instance: services 

       fn:undefined 

       trace: error creating user with email reynaldo.quispe.27@unsch.edu.pe
2022-05-16 18:03:52:352 
       [31merror[39m: [31mError creating user account[39m 
  
       instance: services 

       fn:undefined 

       trace: error creating user with email reynaldo.quispe.27@unsch.edu.pe
2022-05-19 00:25:19:2519 
       [31merror[39m: [31mError creating user account[39m 
  
       instance: services 

       fn:undefined 

       trace: error creating user with email reynaldo.quispe.27@unsch.edu.pe
2022-05-19 07:34:29:3429 
       [31merror[39m: [31mError creating user account[39m 
  
       instance: services 

       fn:undefined 

       trace: error creating user with email reynaldo.quispe.27@unsch.edu.pe
2022-05-19 12:55:16:5516 
       [31merror[39m: [31merror creating a new project service[39m 
  
       instance: services 

       fn:createNewProjectService 

       trace: Toy validation failed: name: name is required, image: image is required, description: description is required
2022-05-19 12:55:16:5516 
       [31merror[39m: [31merror on create toy controller[39m 
  
       instance: controller 

       fn:createToyController 

       trace: Error creating a new project Toy validation failed: name: name is required, image: image is required, description: description is required
2022-05-19 14:06:09:69 
       [31merror[39m: [31merror creating a new order service[39m 
  
       instance: services 

       fn:createNewProjectService 

       trace: Order validation failed: shippingAddress.country: Path `shippingAddress.country` is required., shippingAddress.postalCode: Path `shippingAddress.postalCode` is required., shippingAddress.city: Path `shippingAddress.city` is required., shippingAddress.address: Path `shippingAddress.address` is required., itemPrice: item Price is required to create a review, user: an user is required to create a review
2022-05-19 14:06:09:69 
       [31merror[39m: [31merror on create order controller[39m 
  
       instance: controller 

       fn:cretaeOrderController 

       trace: Error creating a new order Order validation failed: shippingAddress.country: Path `shippingAddress.country` is required., shippingAddress.postalCode: Path `shippingAddress.postalCode` is required., shippingAddress.city: Path `shippingAddress.city` is required., shippingAddress.address: Path `shippingAddress.address` is required., itemPrice: item Price is required to create a review, user: an user is required to create a review
2022-05-19 15:24:40:2440 
       [31merror[39m: [31mError creating user account[39m 
  
       instance: services 

       fn:undefined 

       trace: error creating user with email reynaldo.quispe.27@unsch.edu.pe
